
 eiger (nano06.int-nano.int.kit.edu) : TURBOMOLE rev. V7.4.1 (b987a8a8) compiled 15 Oct 2019 at 12:03:25
 Copyright (C) 2019 TURBOMOLE GmbH, Karlsruhe


    2022-07-29 19:17:43.801 

 Title                                                                          
  
Total energy =   -231.7741692517 H =     -6306.8996292 eV
 
 HOMO-LUMO Separation
   HOMO:    21.    21 a     -0.22807943 H =     -6.20636 eV
   LUMO:    22.    22 a     -0.03902577 H =     -1.06195 eV
   Gap :                    +0.18905366 H =     +5.14441 eV
 
Number of MOs=    114, Electrons=     42.00, Symmetry: c1   
 
   Nr.   Orbital    Occupation       Energy
   38.    38 a                     +0.389488 H =       +10.599 eV
   37.    37 a                     +0.389127 H =       +10.589 eV
   36.    36 a                     +0.378728 H =       +10.306 eV
   35.    35 a                     +0.338449 H =        +9.210 eV
   34.    34 a                     +0.260206 H =        +7.081 eV
   33.    33 a                     +0.260049 H =        +7.076 eV
   32.    32 a                     +0.248978 H =        +6.775 eV
   31.    31 a                     +0.248816 H =        +6.771 eV
   30.    30 a                     +0.134408 H =        +3.657 eV
   29.    29 a                     +0.114872 H =        +3.126 eV
   28.    28 a                     +0.114681 H =        +3.121 eV
   27.    27 a                     +0.102696 H =        +2.795 eV
   26.    26 a                     +0.077183 H =        +2.100 eV
   25.    25 a                     +0.076926 H =        +2.093 eV
   24.    24 a                     +0.034396 H =        +0.936 eV
   23.    23 a                     -0.038942 H =        -1.060 eV
   22.    22 a                     -0.039026 H =        -1.062 eV
   21.    21 a        2.000        -0.228079 H =        -6.206 eV
   20.    20 a        2.000        -0.228150 H =        -6.208 eV
   19.    19 a        2.000        -0.299000 H =        -8.136 eV
   18.    18 a        2.000        -0.299015 H =        -8.137 eV
   17.    17 a        2.000        -0.326867 H =        -8.895 eV
   16.    16 a        2.000        -0.370428 H =       -10.080 eV
   15.    15 a        2.000        -0.370468 H =       -10.081 eV
   14.    14 a        2.000        -0.395710 H =       -10.768 eV
   13.    13 a        2.000        -0.402513 H =       -10.953 eV
   12.    12 a        2.000        -0.465182 H =       -12.658 eV
   11.    11 a        2.000        -0.533967 H =       -14.530 eV
   10.    10 a        2.000        -0.533971 H =       -14.530 eV
    9.     9 a        2.000        -0.664045 H =       -18.070 eV
    8.     8 a        2.000        -0.664079 H =       -18.071 eV
    7.     7 a        2.000        -0.765536 H =       -20.831 eV
    6.     6 a        2.000        -9.902715 H =      -269.467 eV


    ------------------------------------------------------------------------
         total  cpu-time :   0.03 seconds
         total wall-time :   0.05 seconds
    ------------------------------------------------------------------------

   ****  eiger : all done  ****


    2022-07-29 19:17:43.829 

